============================================
PLATFORM_VERSION_CODENAME=REL
PLATFORM_VERSION=9
LINEAGE_VERSION=16.0-20200922-UNOFFICIAL-X00P
TARGET_PRODUCT=lineage_X00P
TARGET_BUILD_VARIANT=eng
TARGET_BUILD_TYPE=release
TARGET_ARCH=arm64
TARGET_ARCH_VARIANT=armv8-a
TARGET_CPU_VARIANT=generic
TARGET_2ND_ARCH=arm
TARGET_2ND_ARCH_VARIANT=armv8-a
TARGET_2ND_CPU_VARIANT=cortex-a53
HOST_ARCH=x86_64
HOST_2ND_ARCH=x86
HOST_OS=linux
HOST_OS_EXTRA=Linux-5.3.0-1035-aws-x86_64-Ubuntu-18.04.5-LTS
HOST_CROSS_OS=windows
HOST_CROSS_ARCH=x86
HOST_CROSS_2ND_ARCH=x86_64
HOST_BUILD_TYPE=release
BUILD_ID=PQ3A.190801.002
OUT_DIR=/home/aashil/ub/out
PRODUCT_SOONG_NAMESPACES= hardware/qcom/audio-caf/msm8996 hardware/qcom/display-caf/msm8996 hardware/qcom/media-caf/msm8996
============================================
ninja: no work to do.
ninja: no work to do.
