============================================
PLATFORM_VERSION_CODENAME=REL
PLATFORM_VERSION=10
BUILD_ID=QQ2A.200501.001.B3
HAVOC_VERSION=3.5
TARGET_PRODUCT=havoc_X00P
TARGET_BUILD_VARIANT=user
TARGET_BUILD_TYPE=release
TARGET_ARCH=arm64
TARGET_ARCH_VARIANT=armv8-a
TARGET_CPU_VARIANT=cortex-a53
TARGET_2ND_ARCH=arm
TARGET_2ND_ARCH_VARIANT=armv8-a
TARGET_2ND_CPU_VARIANT=cortex-a53
OUT_DIR=/home/Flamefusion/havoc/out
PRODUCT_SOONG_NAMESPACES=vendor/asus/X00P hardware/qcom-caf/msm8996
============================================
ninja: no work to do.
[  0% 1/531] glob AppWidgetProvider.prof
[  0% 2/531] glob BackupRestoreConfirmation.prof
[  0% 3/531] glob AppWidgetHostTest.prof
[  0% 4/531] glob BasicSmsReceiver.prof
[  0% 5/531] glob BookmarkProvider.prof
[  1% 6/531] glob BuiltInPrintService.prof
[  1% 7/531] glob CalendarProvider.prof
[  1% 8/531] glob BluetoothMidiService.prof
[  1% 9/531] glob AppcompatPhotoViewerSample.prof
[  1% 10/531] glob BlockedNumberProvider.prof
[  2% 11/531] glob CallLogBackup.prof
[  2% 12/531] glob CarSystemUI.prof
[  2% 13/531] glob CaptivePortalLogin.prof
[  2% 14/531] glob CarrierDefaultApp.prof
[  2% 15/531] glob CarrierConfig.prof
[  3% 16/531] glob CellBroadcastReceiver.prof
[  3% 17/531] glob CertInstaller.prof
[  3% 18/531] glob CompanionDeviceManager.prof
[  3% 19/531] glob DeskClock.prof
[  3% 20/531] glob ConfURIDialer.prof
[  3% 21/531] glob ContactsProvider.prof
[  4% 22/531] glob DocumentsUI.prof
[  4% 23/531] glob DownloadProviderUi.prof
[  4% 24/531] glob DozeTest.prof
[  4% 25/531] glob DownloadProvider.prof
[  4% 26/531] glob EasterEgg.prof
[  5% 27/531] glob EmergencyInfo.prof
[  5% 28/531] glob ExamplePlugin.prof
[  5% 29/531] glob ExternalStorageProvider.prof
[  5% 30/531] glob ExtServices.prof
[  5% 31/531] glob FakeOemFeatures.prof
[  6% 32/531] glob FixVibrateSetting.prof
[  6% 33/531] glob FrameSequenceSample.prof
[  6% 34/531] glob FusedLocation.prof
[  6% 35/531] glob GL2CameraEye.prof
[  6% 36/531] glob GL2JNI.prof
[  6% 37/531] glob GL2Java.prof
[  7% 38/531] glob GLDual.prof
[  7% 39/531] glob GLJNI.prof
[  7% 40/531] glob HTMLViewer.prof
[  7% 41/531] glob GLPerf.prof
[  7% 42/531] glob InProcessNetworkStack.prof
[  8% 43/531] glob KeyChain.prof
[  8% 44/531] glob JobSchedulerTestApp.prof
[  8% 45/531] glob LargeAssetTest.prof
[  8% 46/531] glob LatinIME.prof
[  8% 47/531] glob LocalTransport.prof
[  9% 48/531] glob LiveTv.prof
[  9% 49/531] glob LiveWallpapersPicker.prof
[  9% 50/531] glob LotsOfApps.prof
[  9% 51/531] glob MediaDump.prof
[  9% 52/531] glob MediaProvider.prof
[  9% 53/531] glob MmsService.prof
[ 10% 54/531] glob MusicFX.prof
[ 10% 55/531] glob NQNfcNci.prof
[ 10% 56/531] glob NetworkPermissionConfig.prof
[ 10% 57/531] glob NetworkStack.prof
[ 10% 58/531] glob Nfc.prof
[ 11% 59/531] glob NfcNci.prof
[ 11% 60/531] glob ONS.prof
[ 11% 61/531] glob OneMedia.prof
[ 11% 62/531] glob OneTimeInitializer.prof
[ 11% 63/531] glob OsuLogin.prof
[ 12% 64/531] glob PacProcessor.prof
[ 12% 65/531] glob PackageInstaller.prof
[ 12% 66/531] glob PermissionController.prof
[ 12% 67/531] glob PartnerBookmarksProvider.prof
[ 12% 68/531] glob PhotoViewerSample.prof
[ 12% 69/531] glob PlatformCaptivePortalLogin.prof
[ 13% 70/531] glob PlatformNetworkPermissionConfig.prof
[ 13% 71/531] glob PresencePolling.prof
[ 13% 72/531] glob PluginDummyLib.prof
[ 13% 73/531] glob PrintSpooler.prof
[ 13% 74/531] glob PrivAppPermissionTest.prof
[ 14% 75/531] glob ProductPrivAppPermissionTest.prof
[ 14% 76/531] glob ProductServicesPrivAppPermissionTest.prof
[ 14% 77/531] glob Provision.prof
[ 14% 78/531] glob ProxyHandler.prof
[ 14% 79/531] glob RcsService.prof
[ 15% 80/531] glob RecoveryLocalizer.prof
[ 15% 81/531] glob SafetyRegulatoryInfo.prof
[ 15% 82/531] glob SecureElement.prof
[ 15% 83/531] glob SettingsIntelligence.prof
[ 15% 84/531] glob SettingsProvider.prof
[ 16% 85/531] glob SharedStorageBackup.prof
[ 16% 86/531] glob SharedLibrary.prof
[ 16% 87/531] glob SoundTriggerTestApp.prof
[ 16% 88/531] glob Stk.prof
[ 16% 89/531] glob StatementService.prof
[ 16% 90/531] glob SurfaceFlingerProperties.prof
[ 17% 91/531] glob SystemUIWithLegacyRecents.prof
[ 17% 92/531] glob SystemUI.prof
[ 17% 93/531] glob Telecom.prof
[ 17% 94/531] glob SystemUpdaterSample.prof
[ 17% 95/531] glob TelephonyProvider.prof
[ 18% 96/531] glob TestEGL.prof
[ 18% 97/531] glob TestFramerate.prof
[ 18% 98/531] glob TestLatency.prof
[ 18% 99/531] glob TimeZoneUpdater.prof
[ 18% 100/531] glob TestViewport.prof
[ 19% 101/531] glob Traceur.prof
[ 19% 102/531] glob TransitionTests.prof
[ 19% 103/531] glob TvProvider.prof
[ 19% 104/531] glob UniversalMediaPlayer.prof
[ 19% 105/531] glob UsbHostExternalManagementTestApp.prof
[ 19% 106/531] glob UserDictionaryProvider.prof
[ 20% 107/531] glob VendorPrivAppPermissionTest.prof
[ 20% 108/531] glob VoiceEnrollment.prof
[ 20% 109/531] glob VpnDialogs.prof
[ 20% 110/531] glob WallpaperBackup.prof
[ 20% 111/531] glob WAPPushManager.prof
[ 21% 112/531] glob WallpaperCropper.prof
[ 21% 113/531] glob WallpaperTest.prof
[ 21% 114/531] glob WfdCommon.prof
[ 21% 115/531] glob adbroot_aidl_interface-java.prof
[ 21% 116/531] glob aidl_test_loggable_interface-java.prof
[ 22% 117/531] glob aidl_test_loggable_interface_ndk-java.prof
[ 22% 118/531] glob android.car.prof
[ 22% 119/531] glob android.car.userlib.prof
[ 22% 120/531] glob android.frameworks.bufferhub-V1.0-java-shallow.prof
[ 22% 121/531] glob android.frameworks.bufferhub-V1.0-java.prof
[ 22% 122/531] glob android.frameworks.cameraservice.common-V2.0-java-shallow.prof
[ 23% 123/531] glob android.frameworks.cameraservice.common-V2.0-java.prof
[ 23% 124/531] glob android.frameworks.schedulerservice-V1.0-java-shallow.prof
[ 23% 125/531] glob android.frameworks.displayservice-V1.0-java-shallow.prof
[ 23% 126/531] glob android.frameworks.schedulerservice-V1.0-java.prof
[ 23% 127/531] glob android.frameworks.displayservice-V1.0-java.prof
[ 24% 128/531] glob android.frameworks.stats-V1.0-java-shallow.prof
[ 24% 129/531] glob android.hardware.atrace-V1.0-java-shallow.prof
[ 24% 130/531] glob android.frameworks.stats-V1.0-java.prof
[ 24% 131/531] glob android.hardware.authsecret-V1.0-java-shallow.prof
[ 24% 132/531] glob android.hardware.atrace-V1.0-java.prof
[ 25% 133/531] glob android.hardware.authsecret-V1.0-java.prof
[ 25% 134/531] glob android.hardware.automotive.audiocontrol-V1.0-java.prof
[ 25% 135/531] glob android.hardware.automotive.evs-V1.0-java-shallow.prof
[ 25% 136/531] glob android.hardware.automotive.audiocontrol-V1.0-java-shallow.prof
[ 25% 137/531] glob android.hardware.automotive.vehicle-V2.0-java-shallow.prof
[ 25% 138/531] glob android.hardware.automotive.evs-V1.0-java.prof
[ 26% 139/531] glob android.hardware.biometrics.face-V1.0-java-shallow.prof
[ 26% 140/531] glob android.hardware.automotive.vehicle-V2.0-java.prof
[ 26% 141/531] glob android.hardware.biometrics.face-V1.0-java.prof
[ 26% 142/531] glob android.hardware.biometrics.fingerprint-V2.1-java-shallow.prof
[ 26% 143/531] glob android.hardware.bluetooth-V1.0-java-shallow.prof
[ 27% 144/531] glob android.hardware.biometrics.fingerprint-V2.1-java.prof
[ 27% 145/531] glob android.hardware.bluetooth-V1.0-java.prof
[ 27% 146/531] glob android.hardware.boot-V1.0-java-shallow.prof
[ 27% 147/531] glob android.hardware.broadcastradio-V2.0-java.prof
[ 27% 148/531] glob android.hardware.camera.common-V1.0-java-shallow.prof
[ 28% 149/531] glob android.hardware.boot-V1.0-java.prof
[ 28% 150/531] glob android.hardware.broadcastradio-V2.0-java-shallow.prof
[ 28% 151/531] glob android.hardware.camera.common-V1.0-java.prof
[ 28% 152/531] glob android.hardware.camera.metadata-V3.2-java-shallow.prof
[ 28% 153/531] glob android.hardware.camera.device-V1.0-java-shallow.prof
[ 29% 154/531] glob android.hardware.camera.device-V1.0-java.prof
[ 29% 155/531] glob android.hardware.camera.metadata-V3.2-java.prof
[ 29% 156/531] glob android.hardware.camera.metadata-V3.3-java-shallow.prof
[ 29% 157/531] glob android.hardware.camera.metadata-V3.3-java.prof
[ 29% 158/531] glob android.hardware.camera.metadata-V3.4-java-shallow.prof
[ 29% 159/531] glob android.hardware.camera.metadata-V3.4-java.prof
[ 30% 160/531] glob android.hardware.cas-V1.0-java-shallow.prof
[ 30% 161/531] glob android.hardware.cas-V1.0-java.prof
[ 30% 162/531] glob android.hardware.cas-V1.1-java-shallow.prof
[ 30% 163/531] glob android.hardware.cas-V1.1-java.prof
[ 30% 164/531] glob android.hardware.configstore-V1.0-java-shallow.prof
[ 31% 165/531] glob android.hardware.configstore-V1.0-java.prof
[ 31% 166/531] glob android.hardware.configstore-V1.1-java-shallow.prof
[ 31% 167/531] glob android.hardware.contexthub-V1.0-java-shallow.prof
[ 31% 168/531] glob android.hardware.configstore-V1.1-java.prof
[ 31% 169/531] glob android.hardware.contexthub-V1.0-java.prof
[ 32% 170/531] glob android.hardware.dumpstate-V1.0-java-shallow.prof
[ 32% 171/531] glob android.hardware.dumpstate-V1.0-java.prof
[ 32% 172/531] glob android.hardware.fastboot-V1.0-java-shallow.prof
[ 32% 173/531] glob android.hardware.fastboot-V1.0-java.prof
[ 32% 174/531] glob android.hardware.gatekeeper-V1.0-java-shallow.prof
[ 32% 175/531] glob android.hardware.gatekeeper-V1.0-java.prof
[ 33% 176/531] glob android.hardware.gnss-V1.0-java-shallow.prof
[ 33% 177/531] glob android.hardware.gnss-V1.0-java.prof
[ 33% 178/531] glob android.hardware.gnss-V1.1-java-shallow.prof
[ 33% 179/531] glob android.hardware.gnss-V1.1-java.prof
[ 33% 180/531] glob android.hardware.gnss-V2.0-java-shallow.prof
[ 34% 181/531] glob android.hardware.gnss-V2.0-java.prof
[ 34% 182/531] glob android.hardware.gnss.measurement_corrections-V1.0-java.prof
[ 34% 183/531] glob android.hardware.gnss.measurement_corrections-V1.0-java-shallow.prof
[ 34% 184/531] glob android.hardware.gnss.visibility_control-V1.0-java-shallow.prof
[ 34% 185/531] glob android.hardware.gnss.visibility_control-V1.0-java.prof
[ 35% 186/531] glob android.hardware.graphics.bufferqueue-V1.0-java.prof
[ 35% 187/531] glob android.hardware.graphics.bufferqueue-V2.0-java.prof
[ 35% 188/531] glob android.hardware.graphics.bufferqueue-V1.0-java-shallow.prof
[ 35% 189/531] glob android.hardware.graphics.common-V1.0-java-shallow.prof
[ 35% 190/531] glob android.hardware.graphics.common-V1.0-java.prof
[ 35% 191/531] glob android.hardware.graphics.common-V1.1-java-shallow.prof
[ 36% 192/531] glob android.hardware.graphics.common-V1.1-java.prof
[ 36% 193/531] glob android.hardware.graphics.bufferqueue-V2.0-java-shallow.prof
[ 36% 194/531] glob android.hardware.graphics.common-V1.2-java-shallow.prof
[ 36% 195/531] glob android.hardware.graphics.common-V1.2-java.prof
[ 36% 196/531] glob android.hardware.health-V1.0-java-shallow.prof
[ 37% 197/531] glob android.hardware.health-V1.0-java.prof
[ 37% 198/531] glob android.hardware.health-V2.0-java-shallow.prof
[ 37% 199/531] glob android.hardware.health-V2.0-java.prof
[ 37% 200/531] glob android.hardware.health.storage-V1.0-java-shallow.prof
[ 37% 201/531] glob android.hardware.health.storage-V1.0-java.prof
[ 38% 202/531] glob android.hardware.input.classifier-V1.0-java-shallow.prof
[ 38% 203/531] glob android.hardware.input.classifier-V1.0-java.prof
[ 38% 204/531] glob android.hardware.input.common-V1.0-java.prof
[ 38% 205/531] glob android.hardware.input.common-V1.0-java-shallow.prof
[ 38% 206/531] glob android.hardware.ir-V1.0-java-shallow.prof
[ 38% 207/531] glob android.hardware.ir-V1.0-java.prof
[ 39% 208/531] glob android.hardware.light-V2.0-java-shallow.prof
[ 39% 209/531] glob android.hardware.light-V2.0-java.prof
[ 39% 210/531] glob android.hardware.media-V1.0-java-shallow.prof
[ 39% 211/531] glob android.hardware.media-V1.0-java.prof
[ 39% 212/531] glob android.hardware.memtrack-V1.0-java.prof
[ 40% 213/531] glob android.hardware.memtrack-V1.0-java-shallow.prof
[ 40% 214/531] glob android.hardware.nfc-V1.0-java-shallow.prof
[ 40% 215/531] glob android.hardware.nfc-V1.0-java.prof
[ 40% 216/531] glob android.hardware.nfc-V1.1-java-shallow.prof
[ 40% 217/531] glob android.hardware.nfc-V1.1-java.prof
[ 41% 218/531] glob android.hardware.nfc-V1.2-java-shallow.prof
[ 41% 219/531] glob android.hardware.oemlock-V1.0-java-shallow.prof
[ 41% 220/531] glob android.hardware.nfc-V1.2-java.prof
[ 41% 221/531] glob android.hardware.oemlock-V1.0-java.prof
[ 41% 222/531] glob android.hardware.power-V1.0-java-shallow.prof
[ 41% 223/531] glob android.hardware.power-V1.0-java.prof
[ 42% 224/531] glob android.hardware.power-V1.1-java-shallow.prof
[ 42% 225/531] glob android.hardware.power-V1.1-java.prof
[ 42% 226/531] glob android.hardware.power-V1.3-java-shallow.prof
[ 42% 227/531] glob android.hardware.power-V1.2-java.prof
[ 42% 228/531] glob android.hardware.power-V1.3-java.prof
[ 43% 229/531] glob android.hardware.radio-V1.0-java-shallow.prof
[ 43% 230/531] glob android.hardware.radio-V1.0-java.prof
[ 43% 231/531] glob android.hardware.radio-V1.1-java-shallow.prof
[ 43% 232/531] glob android.hardware.power-V1.2-java-shallow.prof
[ 43% 233/531] glob android.hardware.radio-V1.2-java-shallow.prof
[ 44% 234/531] glob android.hardware.radio-V1.3-java.prof
[ 44% 235/531] glob android.hardware.radio-V1.2-java.prof
[ 44% 236/531] glob android.hardware.radio-V1.3-java-shallow.prof
[ 44% 237/531] glob android.hardware.radio-V1.4-java.prof
[ 44% 238/531] glob android.hardware.radio-V1.4-java-shallow.prof
[ 45% 239/531] glob android.hardware.radio.config-V1.0-java-shallow.prof
[ 45% 240/531] glob android.hardware.radio.config-V1.0-java.prof
[ 45% 241/531] glob android.hardware.radio.config-V1.1-java-shallow.prof
[ 45% 242/531] glob android.hardware.radio.config-V1.1-java.prof
[ 45% 243/531] glob android.hardware.radio.config-V1.2-java-shallow.prof
[ 45% 244/531] glob android.hardware.radio.config-V1.2-java.prof
[ 46% 245/531] glob android.hardware.radio.deprecated-V1.0-java-shallow.prof
[ 46% 246/531] glob android.hardware.radio.deprecated-V1.0-java.prof
[ 46% 247/531] glob android.hardware.secure_element-V1.0-java-shallow.prof
[ 46% 248/531] glob android.hardware.secure_element-V1.0-java.prof
[ 46% 249/531] glob android.hardware.secure_element-V1.1-java-shallow.prof
[ 47% 250/531] glob android.hardware.secure_element-V1.1-java.prof
[ 47% 251/531] glob android.hardware.tests.baz-V1.0-java-shallow.prof
[ 47% 252/531] glob android.hardware.radio-V1.1-java.prof
[ 47% 253/531] glob android.hardware.tests.baz-V1.0-java.prof
[ 47% 254/531] glob android.hardware.tests.expression-V1.0-java.prof
[ 48% 255/531] glob android.hardware.tests.expression-V1.0-java-shallow.prof
[ 48% 256/531] glob android.hardware.tests.extension.light-V2.0-java-shallow.prof
[ 48% 257/531] glob android.hardware.tests.extension.light-V2.0-java.prof
[ 48% 258/531] glob android.hardware.tests.hash-V1.0-java-shallow.prof
[ 48% 259/531] glob android.hardware.tests.hash-V1.0-java.prof
[ 48% 260/531] glob android.hardware.tests.inheritance-V1.0-java-shallow.prof
[ 49% 261/531] glob android.hardware.tests.libhwbinder-V1.0-java-shallow.prof
[ 49% 262/531] glob android.hardware.tests.inheritance-V1.0-java.prof
[ 49% 263/531] glob android.hardware.tests.libhwbinder-V1.0-java.prof
[ 49% 264/531] glob android.hardware.tests.multithread-V1.0-java.prof
[ 49% 265/531] glob android.hardware.tests.multithread-V1.0-java-shallow.prof
[ 50% 266/531] glob android.hardware.tests.safeunion-V1.0-java-shallow.prof
[ 50% 267/531] glob android.hardware.tests.safeunion-V1.0-java.prof
[ 50% 268/531] glob android.hardware.tetheroffload.config-V1.0-java-shallow.prof
[ 50% 269/531] glob android.hardware.tetheroffload.control-V1.0-java-shallow.prof
[ 50% 270/531] glob android.hardware.tetheroffload.config-V1.0-java.prof
[ 51% 271/531] glob android.hardware.thermal-V1.0-java-shallow.prof
[ 51% 272/531] glob android.hardware.tetheroffload.control-V1.0-java.prof
[ 51% 273/531] glob android.hardware.thermal-V1.0-java.prof
[ 51% 274/531] glob android.hardware.thermal-V1.1-java-shallow.prof
[ 51% 275/531] glob android.hardware.thermal-V1.1-java.prof
[ 51% 276/531] glob android.hardware.thermal-V2.0-java-shallow.prof
[ 52% 277/531] glob android.hardware.thermal-V2.0-java.prof
[ 52% 278/531] glob android.hardware.tv.cec-V1.0-java-shallow.prof
[ 52% 279/531] glob android.hardware.tv.cec-V2.0-java-shallow.prof
[ 52% 280/531] glob android.hardware.tv.cec-V2.0-java.prof
[ 52% 281/531] glob android.hardware.usb-V1.0-java-shallow.prof
[ 53% 282/531] glob android.hardware.usb-V1.0-java.prof
[ 53% 283/531] glob android.hardware.usb-V1.1-java-shallow.prof
[ 53% 284/531] glob android.hardware.usb-V1.1-java.prof
[ 53% 285/531] glob android.hardware.usb-V1.2-java-shallow.prof
[ 53% 286/531] glob android.hardware.usb-V1.2-java.prof
[ 54% 287/531] glob android.hardware.usb.gadget-V1.0-java-shallow.prof
[ 54% 288/531] glob android.hardware.usb.gadget-V1.0-java.prof
[ 54% 289/531] glob android.hardware.vibrator-V1.0-java-shallow.prof
[ 54% 290/531] glob android.hardware.vibrator-V1.0-java.prof
[ 54% 291/531] glob android.hardware.vibrator-V1.1-java-shallow.prof
[ 54% 292/531] glob android.hardware.vibrator-V1.1-java.prof
[ 55% 293/531] glob android.hardware.vibrator-V1.2-java-shallow.prof
[ 55% 294/531] glob android.hardware.vibrator-V1.3-java-shallow.prof
[ 55% 295/531] glob android.hardware.vibrator-V1.2-java.prof
[ 55% 296/531] glob android.hardware.vibrator-V1.3-java.prof
[ 55% 297/531] glob android.hardware.tv.cec-V1.0-java.prof
[ 56% 298/531] glob android.hardware.vr-V1.0-java-shallow.prof
[ 56% 299/531] glob android.hardware.vr-V1.0-java.prof
[ 56% 300/531] glob android.hardware.weaver-V1.0-java.prof
[ 56% 301/531] glob android.hardware.weaver-V1.0-java-shallow.prof
[ 56% 302/531] glob android.hardware.wifi-V1.0-java-shallow.prof
[ 57% 303/531] glob android.hardware.wifi-V1.0-java.prof
[ 57% 304/531] glob android.hardware.wifi-V1.1-java-shallow.prof
[ 57% 305/531] glob android.hardware.wifi-V1.2-java.prof
[ 57% 306/531] glob android.hardware.wifi-V1.1-java.prof
[ 57% 307/531] glob android.hardware.wifi-V1.2-java-shallow.prof
[ 58% 308/531] glob android.hardware.wifi-V1.3-java-shallow.prof
[ 58% 309/531] glob android.hardware.wifi-V1.3-java.prof
[ 58% 310/531] glob android.hardware.wifi.hostapd-V1.0-java-shallow.prof
[ 58% 311/531] glob android.hardware.wifi.hostapd-V1.1-java-shallow.prof
[ 58% 312/531] glob android.hardware.wifi.hostapd-V1.0-java.prof
[ 58% 313/531] glob android.hardware.wifi.hostapd-V1.1-java.prof
[ 59% 314/531] glob android.hardware.wifi.supplicant-V1.0-java-shallow.prof
[ 59% 315/531] glob android.hardware.wifi.supplicant-V1.0-java.prof
[ 59% 316/531] glob android.hardware.wifi.supplicant-V1.1-java.prof
[ 59% 317/531] glob android.hardware.wifi.supplicant-V1.1-java-shallow.prof
[ 59% 318/531] glob android.hardware.wifi.supplicant-V1.2-java-shallow.prof
[ 60% 319/531] glob android.hardware.wifi.supplicant-V1.2-java.prof
[ 60% 320/531] glob android.hidl.manager-V1.0-java-shallow.prof
[ 60% 321/531] glob android.hidl.base-V1.0-java.prof
[ 60% 322/531] glob android.hidl.base-V1.0-java-shallow.prof
[ 60% 323/531] glob android.hidl.manager-V1.0-java.prof
[ 61% 324/531] glob android.hidl.manager-V1.1-java-shallow.prof
[ 61% 325/531] glob android.hidl.manager-V1.1-java.prof
[ 61% 326/531] glob android.hidl.manager-V1.2-java-shallow.prof
[ 61% 327/531] glob android.hidl.manager-V1.2-java.prof
[ 61% 328/531] glob android.hidl.safe_union-V1.0-java.prof
[ 61% 329/531] glob android.hidl.token-V1.0-java-shallow.prof
[ 62% 330/531] glob android.hidl.safe_union-V1.0-java-shallow.prof
[ 62% 331/531] glob android.hidl.token-V1.0-java.prof
[ 62% 332/531] glob android.system.net.netd-V1.0-java-shallow.prof
[ 62% 333/531] glob android.system.net.netd-V1.0-java.prof
[ 62% 334/531] glob android.system.net.netd-V1.1-java-shallow.prof
[ 63% 335/531] glob android.system.net.netd-V1.1-java.prof
[ 63% 336/531] glob android.system.suspend-V1.0-java-shallow.prof
[ 63% 337/531] glob android.system.suspend-V1.0-java.prof
[ 63% 338/531] glob android.system.wifi.keystore-V1.0-java-shallow.prof
[ 63% 339/531] glob android.system.wifi.keystore-V1.0-java.prof
[ 64% 340/531] glob android.test.base.prof
[ 64% 341/531] glob android.test.mock.prof
[ 64% 342/531] glob android.test.runner.prof
[ 64% 343/531] glob apache-xml.prof
[ 64% 344/531] glob apex_aidl_interface-java.prof
[ 64% 345/531] glob ashmemd_aidl_interface-java.prof
[ 65% 346/531] glob bouncycastle.prof
[ 65% 347/531] glob bmgr.prof
[ 65% 348/531] glob caliper-api-target.prof
[ 65% 349/531] glob car-frameworks-service.prof
[ 65% 350/531] glob com.android.future.usb.accessory.prof
[ 66% 351/531] glob com.android.location.provider.prof
[ 66% 352/531] glob com.android.media.remotedisplay.prof
[ 66% 353/531] glob bitmapcache-sample.prof
[ 66% 354/531] glob com.android.mediadrm.signer.prof
[ 66% 355/531] glob com.android.nfc_extras.prof
[ 67% 356/531] glob com.android.phone.common.prof
[ 67% 357/531] glob com.android.sysprop.apex.prof
[ 67% 358/531] glob com.android.test.libs.product.prof
[ 67% 359/531] glob com.android.test.libs.product_services.prof
[ 67% 360/531] glob com.nxp.nfc.nq.prof
[ 67% 361/531] glob com.qti.snapdragon.sdk.display.prof
[ 68% 362/531] glob core-libart.prof
[ 68% 363/531] glob conscrypt.prof
[ 68% 364/531] glob core-oj.prof
[ 68% 365/531] glob core/java/**/*.java
[ 68% 366/531] glob device/qcom/sepolicy/timeservice/NOTICE
[ 69% 367/531] glob dnsresolver_aidl_interface-V2-java.prof
[ 69% 368/531] glob dnsresolver_aidl_interface-java.prof
[ 69% 369/531] glob ethernet-service.prof
[ 69% 370/531] glob drm/java/**/*.java
[ 69% 371/531] glob dnsresolver_aidl_interface-V1-java.prof
[ 70% 372/531] glob ext.prof
[ 70% 373/531] glob device/qcom/sepolicy-legacy-um/timeservice/NOTICE
[ 70% 374/531] glob graphics/java/**/*.java
[ 70% 375/531] glob framework-atb-backward-compatibility.prof
[ 70% 376/531] glob framework.prof
[ 70% 377/531] glob framework-annotation-proc.prof
[ 71% 378/531] glob gsi_aidl_interface-java.prof
[ 71% 379/531] glob hardware.google.light-V1.0-java.prof
[ 71% 380/531] glob hardware.google.light-V1.0-java-shallow.prof
[ 71% 381/531] glob hardware.google.light-V1.1-java-shallow.prof
[ 71% 382/531] glob hardware.google.light-V1.1-java.prof
[ 72% 383/531] glob hidl.tests.vendor-V1.0-java-shallow.prof
[ 72% 384/531] glob hidl.tests.vendor-V1.0-java.prof
[ 72% 385/531] glob hidl.tests.vendor-V1.1-java-shallow.prof
[ 72% 386/531] glob ims-common.prof
[ 72% 387/531] glob hidl.tests.vendor-V1.1-java.prof
[ 73% 388/531] glob ims-ext-common.prof
[ 73% 389/531] glob ipmemorystore-aidl-interfaces-V1-java.prof
[ 73% 390/531] glob ipmemorystore-aidl-interfaces-V2-java.prof
[ 73% 391/531] glob ipmemorystore-aidl-interfaces-V3-java.prof
[ 73% 392/531] glob ipmemorystore-aidl-interfaces-java.prof
[ 74% 393/531] glob jacocoagent.prof
[ 74% 394/531] glob javax.obex.prof
[ 74% 395/531] glob libChipsSample.prof
[ 74% 396/531] glob libbinder_ndk_test_interface-V1-java.prof
[ 74% 397/531] glob libbinder_ndk_test_interface-V2-java.prof
[ 74% 398/531] glob libbinder_ndk_test_interface-java.prof
[ 75% 399/531] glob liblpdump_interface-java.prof
[ 75% 400/531] glob keystore/java/**/*.java
[ 75% 401/531] glob media/java/**/*.java
[ 75% 402/531] glob media/mca/effect/java/**/*.java
[ 75% 403/531] glob location/java/**/*.java
[ 76% 404/531] glob media/mca/filterfw/java/**/*.java
[ 76% 405/531] glob media.prof
[ 76% 406/531] glob media/mca/filterpacks/java/**/*.java
[ 76% 407/531] glob netd_aidl_interface-V1-java.prof
[ 76% 408/531] glob netd_aidl_interface-java.prof
[ 77% 409/531] glob netd_aidl_interface-V2-java.prof
[ 77% 410/531] glob netd_event_listener_interface-V1-java.prof
[ 77% 411/531] glob netd_event_listener_interface-java.prof
[ 77% 412/531] glob lowpan/java/**/*.java
[ 77% 413/531] glob networkStatsFactory-benchmarks.prof
[ 77% 414/531] glob networkstack-aidl-interfaces-V1-java.prof
[ 78% 415/531] glob networkstack-aidl-interfaces-V2-java.prof
[ 78% 416/531] glob networkstack-aidl-interfaces-java.prof
[ 78% 417/531] glob networkstack-aidl-interfaces-V3-java.prof
[ 78% 418/531] glob oemnetd_aidl_interface-java.prof
[ 78% 419/531] glob okhttp.prof
[ 79% 420/531] glob opengl/java/**/*.java
[ 79% 421/531] glob pixelpowerstats_provider_aidl_interface-java.prof
[ 79% 422/531] glob qcom.fmradio.prof
[ 79% 423/531] glob rs/java/**/*.java
[ 79% 424/531] glob qtiImsInCallUi.prof
[ 80% 425/531] glob sax/java/**/*.java
[ 80% 426/531] glob suspend_control_aidl_interface-java.prof
[ 80% 427/531] glob telephony-common.prof
[ 80% 428/531] glob telephony-ext.prof
[ 80% 429/531] glob telephony/java/**/*.java
[ 80% 430/531] glob test-piece-1-V1-java.prof
[ 81% 431/531] glob test-piece-2-V1-java.prof
[ 81% 432/531] glob telecomm/java/**/*.java
[ 81% 433/531] glob test-piece-2-java.prof
[ 81% 434/531] glob test-piece-1-java.prof
[ 81% 435/531] glob test-piece-3-V1-java.prof
[ 82% 436/531] glob test-piece-3-java.prof
[ 82% 437/531] glob test-piece-4-V1-java.prof
[ 82% 438/531] glob test-piece-4-java.prof
[ 82% 439/531] glob test-root-package-V1-java.prof
[ 82% 440/531] glob test-root-package-V2-java.prof
[ 83% 441/531] glob test-root-package-java.prof
[ 83% 442/531] glob test-vendor-java.prof
[ 83% 443/531] glob updatable-media.prof
[ 83% 444/531] glob vendor.display.config-V1.0-java-shallow.prof
[ 83% 445/531] glob vendor.display.config-V1.0-java.prof
[ 83% 446/531] glob vendor.display.config-V1.1-java-shallow.prof
[ 84% 447/531] glob vendor.display.config-V1.1-java.prof
[ 84% 448/531] glob vendor.display.config-V1.10-java-shallow.prof
[ 84% 449/531] glob vendor.display.config-V1.10-java.prof
[ 84% 450/531] glob vendor.display.config-V1.11-java-shallow.prof
[ 84% 451/531] glob vendor.display.config-V1.11-java.prof
[ 85% 452/531] glob vendor.display.config-V1.12-java-shallow.prof
[ 85% 453/531] glob vendor.display.config-V1.12-java.prof
[ 85% 454/531] glob vendor.display.config-V1.13-java-shallow.prof
[ 85% 455/531] glob vendor.display.config-V1.13-java.prof
[ 85% 456/531] glob vendor.display.config-V1.14-java-shallow.prof
[ 86% 457/531] glob vendor.display.config-V1.14-java.prof
[ 86% 458/531] glob vendor.display.config-V1.15-java-shallow.prof
[ 86% 459/531] glob vendor.display.config-V1.15-java.prof
[ 86% 460/531] glob vendor.display.config-V1.16-java-shallow.prof
[ 86% 461/531] glob vendor.display.config-V1.16-java.prof
[ 87% 462/531] glob vendor.display.config-V1.2-java-shallow.prof
[ 87% 463/531] glob vendor.display.config-V1.3-java-shallow.prof
[ 87% 464/531] glob vendor.display.config-V1.2-java.prof
[ 87% 465/531] glob vendor.display.config-V1.3-java.prof
[ 87% 466/531] glob vendor.display.config-V1.4-java-shallow.prof
[ 87% 467/531] glob vendor.display.config-V1.4-java.prof
[ 88% 468/531] glob vendor.display.config-V1.5-java.prof
[ 88% 469/531] glob vendor.display.config-V1.5-java-shallow.prof
[ 88% 470/531] glob vendor.display.config-V1.6-java-shallow.prof
[ 88% 471/531] glob vendor.display.config-V1.6-java.prof
[ 88% 472/531] glob vendor.display.config-V1.7-java-shallow.prof
[ 89% 473/531] glob vendor.display.config-V1.7-java.prof
[ 89% 474/531] glob vendor.display.config-V1.8-java-shallow.prof
[ 89% 475/531] glob vendor.display.config-V1.9-java-shallow.prof
[ 89% 476/531] glob vendor.display.config-V1.8-java.prof
[ 89% 477/531] glob vendor.display.config-V1.9-java.prof
[ 90% 478/531] glob vendor.display.config-V2.0-java-shallow.prof
[ 90% 479/531] glob vendor.display.config-V2.0-java.prof
[ 90% 480/531] glob vendor.lineage.audio_amplifier-V1.0-java-shallow.prof
[ 90% 481/531] glob vendor.lineage.biometrics.fingerprint.inscreen-V1.0-java.prof
[ 90% 482/531] glob vendor.lineage.biometrics.fingerprint.inscreen-V1.0-java-shallow.prof
[ 90% 483/531] glob vendor.lineage.audio_amplifier-V1.0-java.prof
[ 91% 484/531] glob vendor.lineage.camera.motor-V1.0-java-shallow.prof
[ 91% 485/531] glob vendor.lineage.camera.motor-V1.0-java.prof
[ 91% 486/531] glob vendor.lineage.livedisplay-V2.0-java.prof
[ 91% 487/531] glob vendor.lineage.livedisplay-V2.0-java-shallow.prof
[ 91% 488/531] glob vendor.lineage.power-V1.0-java-shallow.prof
[ 92% 489/531] glob vendor.lineage.power-V1.0-java.prof
[ 92% 490/531] glob vendor.lineage.touch-V1.0-java-shallow.prof
[ 92% 491/531] glob vendor.lineage.touch-V1.0-java.prof
[ 92% 492/531] glob vendor.nxp.hardware.nfc-V1.0-java-shallow.prof
[ 92% 493/531] glob vendor.nxp.hardware.nfc-V1.0-java.prof
[ 93% 494/531] glob vendor.nxp.hardware.nfc-V1.1-java-shallow.prof
[ 93% 495/531] glob vendor.nxp.hardware.nfc-V1.1-java.prof
[ 93% 496/531] glob vendor.nxp.nxpese-V1.0-java-shallow.prof
[ 93% 497/531] glob vendor.nxp.nxpese-V1.0-java.prof
[ 93% 498/531] glob vendor.nxp.nxpnfc-V1.0-java-shallow.prof
[ 93% 499/531] glob vendor.nxp.nxpnfc-V1.0-java.prof
[ 94% 500/531] glob vendor.qti.hardware.bluetooth_dun-V1.0-java-shallow.prof
[ 94% 501/531] glob vendor.qti.hardware.bluetooth_dun-V1.0-java.prof
[ 94% 502/531] glob vendor.qti.hardware.camera.device-V1.0-java-shallow.prof
[ 94% 503/531] glob vendor.qti.hardware.camera.device-V1.0-java.prof
[ 94% 504/531] glob vendor.qti.hardware.camera.postproc-V1.0-java-shallow.prof
[ 95% 505/531] glob vendor.qti.hardware.camera.postproc-V1.0-java.prof
[ 95% 506/531] glob vendor.qti.hardware.cryptfshw-V1.0-java-shallow.prof
[ 95% 507/531] glob vendor.qti.hardware.cryptfshw-V1.0-java.prof
[ 95% 508/531] glob vendor.qti.hardware.fstman-V1.0-java-shallow.prof
[ 95% 509/531] glob vendor.qti.hardware.fstman-V1.0-java.prof
[ 96% 510/531] glob vendor.qti.hardware.servicetracker-V1.0-java.prof
[ 96% 511/531] glob vendor.qti.hardware.servicetracker-V1.0-java-shallow.prof
[ 96% 512/531] glob vendor.qti.hardware.servicetracker-V1.1-java-shallow.prof
[ 96% 513/531] glob vendor.qti.hardware.servicetracker-V1.1-java.prof
[ 96% 514/531] glob vendor.qti.hardware.systemhelper-V1.0-java-shallow.prof
[ 96% 515/531] glob vendor.qti.hardware.systemhelper-V1.0-java.prof
[ 97% 516/531] glob vendor.qti.hardware.wifi-V1.0-java-shallow.prof
[ 97% 517/531] glob vendor.qti.hardware.wifi-V1.0-java.prof
[ 97% 518/531] glob vendor.qti.hardware.wifi.hostapd-V1.0-java-shallow.prof
[ 97% 519/531] glob vendor.qti.hardware.wifi.hostapd-V1.0-java.prof
[ 97% 520/531] glob vendor.qti.hardware.wifi.hostapd-V1.1-java.prof
[ 98% 521/531] glob vendor.qti.hardware.wifi.hostapd-V1.1-java-shallow.prof
[ 98% 522/531] glob vendor.qti.hardware.wifi.supplicant-V1.0-java-shallow.prof
[ 98% 523/531] glob vendor.qti.hardware.wifi.supplicant-V1.0-java.prof
[ 98% 524/531] glob vendor.qti.hardware.wifi.supplicant-V2.0-java-shallow.prof
[ 98% 525/531] glob vendor.qti.hardware.wifi.supplicant-V2.0-java.prof
[ 99% 526/531] glob vendor.qti.hardware.wifi.supplicant-V2.1-java.prof
[ 99% 527/531] glob vmtests-mains.prof
[ 99% 528/531] glob vendor.qti.hardware.wifi.supplicant-V2.1-java-shallow.prof
[ 99% 529/531] glob voip-common.prof
[ 99% 530/531] glob wifi/java/**/*.java
$(shell date -u +%d-%m-%Y) was changed, regenerating...
$(shell date -u +%d-%m-%Y) was changed, regenerating...
