============================================
PLATFORM_VERSION_CODENAME=REL
PLATFORM_VERSION=9
LINEAGE_VERSION=16.0-20200922-UNOFFICIAL-X00P
TARGET_PRODUCT=lineage_X00P
TARGET_BUILD_VARIANT=eng
TARGET_BUILD_TYPE=release
TARGET_ARCH=arm64
TARGET_ARCH_VARIANT=armv8-a
TARGET_CPU_VARIANT=generic
TARGET_2ND_ARCH=arm
TARGET_2ND_ARCH_VARIANT=armv8-a
TARGET_2ND_CPU_VARIANT=cortex-a53
HOST_ARCH=x86_64
HOST_2ND_ARCH=x86
HOST_OS=linux
HOST_OS_EXTRA=Linux-5.3.0-1035-aws-x86_64-Ubuntu-18.04.5-LTS
HOST_CROSS_OS=windows
HOST_CROSS_ARCH=x86
HOST_CROSS_2ND_ARCH=x86_64
HOST_BUILD_TYPE=release
BUILD_ID=PQ3A.190801.002
OUT_DIR=/home/aashil/ub/out
PRODUCT_SOONG_NAMESPACES= hardware/qcom/audio-caf/msm8996 hardware/qcom/display-caf/msm8996 hardware/qcom/media-caf/msm8996
============================================
ninja: no work to do.
ninja: no work to do.
[ 14% 1/7] build /home/aashil/ub/out/target/product/X00P/obj/KERNEL_OBJ/.additional_config
[ 28% 2/7] Building Kernel Config
make: Entering directory '/home/aashil/ub/kernel/asus/msm8937'
make[1]: Entering directory '/home/aashil/ub/out/target/product/X00P/obj/KERNEL_OBJ'
  GEN     ./Makefile
arch/arm64/configs/X00P_defconfig:75:warning: override: reassigning to symbol CPU_BOOST
arch/arm64/configs/X00P_defconfig:262:warning: symbol value 'Y' invalid for DTV_FC8350_SUPPORT
#
# configuration written to .config
#
make[1]: Leaving directory '/home/aashil/ub/out/target/product/X00P/obj/KERNEL_OBJ'
make: Leaving directory '/home/aashil/ub/kernel/asus/msm8937'
make: Entering directory '/home/aashil/ub/kernel/asus/msm8937'
make[1]: Entering directory '/home/aashil/ub/out/target/product/X00P/obj/KERNEL_OBJ'
  GEN     ./Makefile
scripts/kconfig/conf  --savedefconfig=defconfig Kconfig
make[1]: Leaving directory '/home/aashil/ub/out/target/product/X00P/obj/KERNEL_OBJ'
make: Leaving directory '/home/aashil/ub/kernel/asus/msm8937'
[ 42% 3/7] Building Kernel
FAILED: TARGET_KERNEL_BINARIES 
/bin/bash -c "(PATH=/home/aashil/ub/prebuilts/clang/host/linux-x86/clang-4691093/bin:\$PATH LD_LIBRARY_PATH=/home/aashil/ub/prebuilts/clang/host/linux-x86/clang-4691093/lib64:\$LD_LIBRARY_PATH make -j4  -j\$(nproc) CFLAGS_MODULE=\"-fno-pic\" -C kernel/asus/msm8937 O=/home/aashil/ub/out/target/product/X00P/obj/KERNEL_OBJ ARCH=arm64 CROSS_COMPILE=\"aarch64-linux-android-\" CROSS_COMPILE_ARM32=\"arm-linux-androideabi-\" CLANG_TRIPLE=aarch64-linux-gnu- CC=\" clang\" Image.gz-dtb ) && (if grep -q '^CONFIG_OF=y' /home/aashil/ub/out/target/product/X00P/obj/KERNEL_OBJ/.config; then 			echo \"Building DTBs\"; 			PATH=/home/aashil/ub/prebuilts/clang/host/linux-x86/clang-4691093/bin:\$PATH LD_LIBRARY_PATH=/home/aashil/ub/prebuilts/clang/host/linux-x86/clang-4691093/lib64:\$LD_LIBRARY_PATH make -j4  -j\$(nproc) CFLAGS_MODULE=\"-fno-pic\" -C kernel/asus/msm8937 O=/home/aashil/ub/out/target/product/X00P/obj/KERNEL_OBJ ARCH=arm64 CROSS_COMPILE=\"aarch64-linux-android-\" CROSS_COMPILE_ARM32=\"arm-linux-androideabi-\" CLANG_TRIPLE=aarch64-linux-gnu- CC=\" clang\" dtbs; 		fi ) && (if grep -q '=m' /home/aashil/ub/out/target/product/X00P/obj/KERNEL_OBJ/.config; then 			echo \"Building Kernel Modules\"; 			PATH=/home/aashil/ub/prebuilts/clang/host/linux-x86/clang-4691093/bin:\$PATH LD_LIBRARY_PATH=/home/aashil/ub/prebuilts/clang/host/linux-x86/clang-4691093/lib64:\$LD_LIBRARY_PATH make -j4  -j\$(nproc) CFLAGS_MODULE=\"-fno-pic\" -C kernel/asus/msm8937 O=/home/aashil/ub/out/target/product/X00P/obj/KERNEL_OBJ ARCH=arm64 CROSS_COMPILE=\"aarch64-linux-android-\" CROSS_COMPILE_ARM32=\"arm-linux-androideabi-\" CLANG_TRIPLE=aarch64-linux-gnu- CC=\" clang\" modules; 		fi )"
make: Entering directory '/home/aashil/ub/kernel/asus/msm8937'
make[1]: Entering directory '/home/aashil/ub/out/target/product/X00P/obj/KERNEL_OBJ'
  GEN     ./Makefile
scripts/kconfig/conf  --silentoldconfig Kconfig
  CHK     include/config/kernel.release
  GEN     ./Makefile
  CHK     include/generated/uapi/linux/version.h
  UPD     include/config/kernel.release
  Using /home/aashil/ub/kernel/asus/msm8937 as source for kernel
  CC      scripts/mod/empty.o
  CC      scripts/mod/devicetable-offsets.s
  CHK     include/generated/utsrelease.h
  UPD     include/generated/utsrelease.h
  MKELF   scripts/mod/elfconfig.h
  HOSTCC  scripts/mod/modpost.o
  HOSTCC  scripts/mod/sumversion.o
  CHK     scripts/mod/devicetable-offsets.h
  CC      kernel/bounds.s
  HOSTCC  scripts/mod/file2alias.o
  CHK     include/generated/bounds.h
  CC      arch/arm64/kernel/asm-offsets.s
  CHK     include/generated/asm-offsets.h
  CALL    /home/aashil/ub/kernel/asus/msm8937/scripts/checksyscalls.sh
  HOSTLD  scripts/mod/modpost
  VDSOC   arch/arm64/kernel/vdso/vgettimeofday.o
  VDSOL   arch/arm64/kernel/vdso/vdso.so.dbg
  VDSOSYM include/generated/vdso-offsets.h
make[2]: 'include/generated/vdso32-offsets.h' is up to date.
  CC      init/main.o
  CHK     include/generated/compile.h
  CC      init/do_mounts.o
  CC      init/do_mounts_rd.o
  CC      arch/arm64/mm/dma-mapping.o
  CC      init/do_mounts_initrd.o
  CC      arch/arm64/crypto/sha1-ce-glue.o
  CC      arch/arm64/kernel/debug-monitors.o
  CC      kernel/fork.o
  CC      init/do_mounts_dm.o
  CC      init/noinitramfs.o
  CC      arch/arm64/crypto/sha2-ce-glue.o
  CC      arch/arm64/kernel/irq.o
  CC      init/initramfs.o
  CC      arch/arm64/kernel/fpsimd.o
  CC      arch/arm64/crypto/ghash-ce-glue.o
  CC      init/calibrate.o
  CC      init/init_task.o
  CC      arch/arm64/mm/extable.o
  CC      init/version.o
  LD      init/mounts.o
  CC      arch/arm64/mm/fault.o
  CC      arch/arm64/mm/init.o
  CC      arch/arm64/mm/copypage.o
  CC      arch/arm64/crypto/aes-ce-glue.o
  CC      arch/arm64/kernel/process.o
  CC      arch/arm64/kernel/ptrace.o
  CC      kernel/exec_domain.o
  LD      init/built-in.o
  CC      arch/arm64/mm/flush.o
  CC      arch/arm64/kernel/setup.o
  CC      mm/filemap.o
  CC      arch/arm64/crypto/aes-ce-ccm-glue.o
  CC      arch/arm64/mm/ioremap.o
  CC      arch/arm64/kernel/signal.o
  CC      arch/arm64/mm/mmap.o
  CC      kernel/panic.o
  CC      arch/arm64/kernel/sys.o
  CC      arch/arm64/kernel/stacktrace.o
  CC      arch/arm64/crypto/aes-glue-ce.o
  CC      arch/arm64/mm/pgd.o
  CC      arch/arm64/kernel/time.o
  CC      arch/arm64/mm/mmu.o
  CC      arch/arm64/kernel/traps.o
  CC      arch/arm64/kernel/io.o
  CC      arch/arm64/mm/context.o
  CC      arch/arm64/crypto/aes-glue-neon.o
  CC      kernel/cpu.o
  CC      arch/arm64/kernel/vdso.o
  CC      arch/arm64/mm/pageattr.o
  CC      mm/mempool.o
  CC      arch/arm64/kernel/psci.o
  CC      arch/arm64/kernel/cpu_ops.o
  CC      arch/arm64/crypto/aes-cipher-glue.o
  CC      arch/arm64/kernel/insn.o
  CC      arch/arm64/kernel/return_address.o
  CC      arch/arm64/kernel/cpuinfo.o
  CC      arch/arm64/kernel/cpu_errata.o
  LD      arch/arm64/mm/built-in.o
  CC      kernel/exit.o
  CC      fs/open.o
  LD      arch/arm64/crypto/sha1-ce.o
  LD      arch/arm64/crypto/sha2-ce.o
  LD      arch/arm64/crypto/ghash-ce.o
  LD      arch/arm64/crypto/aes-ce-cipher.o
  LD      arch/arm64/crypto/aes-ce-ccm.o
  LD      arch/arm64/crypto/aes-ce-blk.o
  LD      arch/arm64/crypto/aes-neon-blk.o
  LD      arch/arm64/crypto/aes-arm64.o
  LD      arch/arm64/crypto/built-in.o
  CC      arch/arm64/kernel/cpufeature.o
  CC      mm/oom_kill.o
  CC      ipc/compat.o
  CC      mm/maccess.o
  CC      arch/arm64/kernel/alternative.o
  CC      security/apparmor/apparmorfs.o
  CC      mm/page_alloc.o
  CC      mm/page-writeback.o
  CC      arch/arm64/kernel/smp.o
  CC      mm/readahead.o
  CC      fs/read_write.o
  CC      ipc/util.o
  CC      security/apparmor/audit.o
  CC      kernel/softirq.o
  CC      arch/arm64/kernel/smp_spin_table.o
  CC      ipc/msgutil.o
  CC      arch/arm64/kernel/topology.o
  CC      mm/swap.o
  CC      arch/arm64/kernel/cacheinfo.o
  GEN     security/apparmor/capability_names.h
  CC      security/apparmor/context.o
  CC      ipc/msg.o
  CC      arch/arm64/kernel/signal32.o
  CC      fs/file_table.o
  CC      kernel/resource.o
  CC      arch/arm64/kernel/sys_compat.o
  CC      security/apparmor/ipc.o
  CC      arch/arm64/kernel/../../arm/kernel/opcodes.o
  CC      ipc/sem.o
  CC      mm/truncate.o
  CC      arch/arm64/kernel/arm64ksyms.o
  CC      arch/arm64/kernel/module.o
  CC      fs/super.o
  CC      arch/arm64/kernel/perf_regs.o
  CC      kernel/sysctl.o
  CC      kernel/sysctl_binary.o
  CC      security/apparmor/lib.o
  CC      arch/arm64/kernel/perf_event.o
  CC      arch/arm64/kernel/perf_trace_user.o
  CC      mm/vmscan.o
  CC      arch/arm64/kernel/perf_trace_counters.o
  CC      ipc/shm.o
  CC      kernel/capability.o
  CC      security/apparmor/match.o
  CC      fs/char_dev.o
  CC      arch/arm64/kernel/hw_breakpoint.o
  CC      arch/arm64/kernel/suspend.o
  CC      security/apparmor/path.o
  CC      ipc/ipcns_notifier.o
  CC      kernel/ptrace.o
  CC      arch/arm64/kernel/cpuidle.o
  CC      kernel/user.o
  CC      fs/stat.o
  CC      arch/arm64/kernel/jump_label.o
  CC      ipc/syscall.o
  CC      ipc/ipc_sysctl.o
  CC      arch/arm64/kernel/efi.o
  CC      arch/arm64/kernel/efi-stub.o
  CC      security/apparmor/domain.o
  CC      mm/shmem.o
  CC      kernel/signal.o
  CC      ipc/namespace.o
  CC      arch/arm64/kernel/pci.o
  CC      security/integrity/iint.o
  LD      ipc/built-in.o
  CC      fs/exec.o
  CC      kernel/sys.o
  CC      security/integrity/integrity_audit.o
  CC      arch/arm64/kernel/armv8_deprecated.o
  CC      crypto/api.o
  CC      security/apparmor/policy.o
  CC      security/integrity/digsig.o
  VDSOC   arch/arm64/kernel/vdso/vgettimeofday.o
  CC      security/integrity/evm/evm_main.o
  VDSOL   arch/arm64/kernel/vdso/vdso.so.dbg
  OBJCOPY arch/arm64/kernel/vdso/vdso.so
  AS      arch/arm64/kernel/vdso/vdso.o
  CC      crypto/cipher.o
  CC      mm/util.o
  LD      arch/arm64/kernel/vdso/built-in.o
  CC      fs/pipe.o
  CC      security/apparmor/policy_unpack.o
  CC      crypto/compress.o
  CC      kernel/kmod.o
  CC      security/integrity/evm/evm_crypto.o
  CC      security/integrity/evm/evm_secfs.o
  LD      arch/arm64/kernel/built-in.o
  CC      mm/mmzone.o
  CC      block/bio.o
  CC      crypto/memneq.o
  CC      block/elevator.o
  CC      mm/vmstat.o
  CC      security/integrity/evm/evm_posix_acl.o
  CC      fs/namei.o
  CC      kernel/workqueue.o
  LD      security/integrity/evm/evm.o
  LD      security/integrity/evm/built-in.o
  LD      security/integrity/integrity.o
  LD      security/integrity/built-in.o
  CC      security/keys/gc.o
  CC      crypto/crypto_wq.o
  CC      security/apparmor/procattr.o
  CC      security/keys/key.o
  CC      mm/backing-dev.o
  CC      block/blk-core.o
  CC      block/blk-tag.o
  CC      crypto/algapi.o
  CC      security/apparmor/lsm.o
  CC      mm/mm_init.o
  CC      security/keys/keyring.o
  CC      block/blk-sysfs.o
  CC      kernel/pid.o
  CC      mm/mmu_context.o
  CC      crypto/scatterwalk.o
  GEN     security/apparmor/rlim_names.h
  CC      security/apparmor/sid.o
  CC      security/apparmor/file.o
  CC      security/keys/keyctl.o
  CC      fs/fcntl.o
  CC      security/apparmor/label.o
  CC      block/blk-flush.o
  CC      mm/percpu.o
  CC      kernel/task_work.o
  CC      security/keys/permission.o
  CC      crypto/proc.o
  CC      security/apparmor/mount.o
  CC      block/blk-settings.o
  CC      fs/ioctl.o
  CC      kernel/extable.o
  CC      crypto/aead.o
  CC      security/keys/process_keys.o
  CC      mm/slab_common.o
  CC      kernel/params.o
  GEN     security/apparmor/net_names.h
  GEN     security/apparmor/net_names.h
  CC      security/apparmor/af_unix.o
  CC      security/apparmor/crypto.o
  CC      block/blk-ioc.o
  CC      security/keys/request_key.o
  CC      fs/readdir.o
  CC      mm/compaction.o
  CC      kernel/kthread.o
  CC      crypto/ablkcipher.o
/home/aashil/ub/kernel/asus/msm8937/security/apparmor/crypto.c:37:8: error: fields must have a constant size: 'variable length array in structure' extension will never be supported
                char ctx[crypto_shash_descsize(apparmor_tfm)];
                     ^
1 error generated.
make[3]: *** [/home/aashil/ub/kernel/asus/msm8937/scripts/Makefile.build:266: security/apparmor/crypto.o] Error 1
make[3]: *** Waiting for unfinished jobs....
  CC      crypto/blkcipher.o
  CC      security/keys/request_key_auth.o
make[2]: *** [/home/aashil/ub/kernel/asus/msm8937/scripts/Makefile.build:410: security/apparmor] Error 2
make[2]: *** Waiting for unfinished jobs....
  CC      security/keys/user_defined.o
  CC      block/blk-map.o
  CC      fs/select.o
  CC      security/keys/compat.o
  CC      kernel/sys_ni.o
  CC      mm/vmacache.o
  CC      kernel/nsproxy.o
  CC      security/keys/proc.o
  CC      mm/interval_tree.o
  CC      security/keys/sysctl.o
  CC      crypto/chainiv.o
  CC      crypto/eseqiv.o
  CC      block/blk-exec.o
  CC      security/keys/encrypted-keys/encrypted.o
  CC      block/blk-merge.o
  CC      kernel/notifier.o
  CC      mm/list_lru.o
  CC      crypto/seqiv.o
  CC      crypto/ahash.o
  CC      fs/dcache.o
  CC      block/blk-softirq.o
  CC      kernel/ksysfs.o
  CC      security/keys/encrypted-keys/ecryptfs_format.o
  CC      mm/workingset.o
  CC      crypto/shash.o
  CC      block/blk-timeout.o
  CC      kernel/cred.o
  CC      mm/iov_iter.o
  LD      security/keys/encrypted-keys/encrypted-keys.o
  LD      security/keys/encrypted-keys/built-in.o
  LD      security/keys/built-in.o
make[1]: *** [/home/aashil/ub/kernel/asus/msm8937/Makefile:997: security] Error 2
make[1]: *** Waiting for unfinished jobs....
  CC      mm/debug.o
  CC      crypto/pcompress.o
  CC      block/blk-iopoll.o
  CC      block/blk-lib.o
  CC      crypto/algboss.o
  CC      mm/fremap.o
  CC      kernel/reboot.o
  CC      mm/gup.o
  CC      block/blk-mq.o
  CC      block/blk-mq-tag.o
  CC      fs/inode.o
  CC      crypto/testmgr.o
  CC      block/blk-mq-sysfs.o
  CC      mm/highmem.o
  CC      kernel/async.o
  CC      mm/memory.o
  CC      block/blk-mq-cpu.o
  CC      block/blk-mq-cpumap.o
  CC      mm/mincore.o
  CC      crypto/hmac.o
  CC      kernel/range.o
  CC      kernel/groups.o
  CC      block/ioctl.o
  CC      block/genhd.o
  CC      block/scsi_ioctl.o
  CC      fs/attr.o
  CC      mm/mlock.o
  CC      crypto/xcbc.o
  CC      kernel/smpboot.o
  CC      crypto/crypto_null.o
  CC      fs/bad_inode.o
  CC      block/partition-generic.o
  CC      block/ioprio.o
  CC      mm/mmap.o
  CC      block/partitions/check.o
  CC      crypto/md4.o
  CC      crypto/md5.o
  CC      fs/file.o
  CC      kernel/bpf/core.o
  CC      block/partitions/msdos.o
  CC      crypto/sha1_generic.o
  CC      crypto/sha256_generic.o
  CC      block/bounce.o
  CC      block/bsg.o
  CC      block/partitions/efi.o
  CC      fs/filesystems.o
  CC      crypto/sha512_generic.o
  LD      kernel/bpf/built-in.o
  CC      kernel/events/core.o
  CC      block/blk-cgroup.o
  CC      mm/mprotect.o
  LD      block/partitions/built-in.o
  CC      block/noop-iosched.o
  CC      block/deadline-iosched.o
  CC      fs/namespace.o
  CC      crypto/gf128mul.o
  CC      crypto/ecb.o
  CC      mm/mremap.o
  CC      crypto/cbc.o
  CC      block/cfq-iosched.o
  CC      block/compat_ioctl.o
  CC      crypto/xts.o
  CC      crypto/ctr.o
  CC      mm/msync.o
  CC      crypto/gcm.o
  CC      mm/rmap.o
  CC      crypto/cryptd.o
  CC      crypto/des_generic.o
  CC      crypto/twofish_generic.o
  LD      block/built-in.o
  CC      crypto/twofish_common.o
  CC      fs/seq_file.o
  CC      crypto/aes_generic.o
  CC      crypto/arc4.o
  CC      crypto/deflate.o
  CC      crypto/crc32c_generic.o
  CC      mm/vmalloc.o
  CC      kernel/events/ring_buffer.o
  CC      crypto/crc32.o
  CC      crypto/authenc.o
  CC      fs/xattr.o
  CC      crypto/authencesn.o
  CC      crypto/lzo.o
  CC      crypto/rng.o
  CC      kernel/events/callchain.o
  CC      crypto/krng.o
  CC      crypto/ghash-generic.o
  CC      kernel/events/hw_breakpoint.o
  CC      crypto/hash_info.o
  CC      crypto/asymmetric_keys/asymmetric_type.o
  CC      mm/pagewalk.o
  CC      crypto/ablk_helper.o
  LD      crypto/crypto.o
  LD      crypto/crypto_algapi.o
  LD      crypto/crypto_blkcipher.o
  CC      fs/libfs.o
  CC      fs/fs-writeback.o
  LD      crypto/crypto_hash.o
  LD      crypto/cryptomgr.o
  CC      crypto/asymmetric_keys/signature.o
  CC      mm/pgtable-generic.o
  LD      kernel/events/built-in.o
  CC      kernel/irq/irqdesc.o
  CC      crypto/asymmetric_keys/public_key.o
  CC      kernel/locking/mutex.o
  CC      crypto/asymmetric_keys/rsa.o
  CC      crypto/asymmetric_keys/x509-asn1.o
  CC      mm/process_vm_access.o
  CC      crypto/asymmetric_keys/x509_rsakey-asn1.o
  CC      crypto/asymmetric_keys/x509_cert_parser.o
  CC      fs/pnode.o
  CC      kernel/irq/handle.o
  CC      fs/splice.o
  CC      mm/showmem.o
  CC      kernel/locking/semaphore.o
  CC      mm/vmpressure.o
  CC      crypto/asymmetric_keys/x509_public_key.o
  LD      crypto/asymmetric_keys/asymmetric_keys.o
  CC      mm/init-mm.o
  CC      mm/nobootmem.o
  CC      fs/sync.o
  CC      mm/fadvise.o
  CC      kernel/irq/manage.o
  CC      mm/madvise.o
  CC      kernel/locking/rwsem.o
  LD      crypto/asymmetric_keys/x509_key_parser.o
  LD      crypto/asymmetric_keys/built-in.o
  LD      crypto/built-in.o
  CC      kernel/locking/mcs_spinlock.o
  CC      mm/memblock.o
  CC      mm/page_io.o
  CC      kernel/locking/spinlock.o
  CC      fs/utimes.o
  CC      kernel/locking/lglock.o
  CC      mm/swap_state.o
  CC      fs/stack.o
  CC      kernel/irq/spurious.o
  CC      kernel/locking/rtmutex.o
  CC      mm/swapfile.o
  CC      fs/fs_struct.o
  CC      mm/swap_ratio.o
  CC      mm/zcache.o
  CC      kernel/irq/resend.o
  CC      kernel/locking/rwsem-xadd.o
  CC      fs/statfs.o
  CC      mm/dmapool.o
  CC      mm/sparse.o
  CC      kernel/irq/chip.o
  CC      fs/fs_pin.o
  LD      kernel/locking/built-in.o
  CC      kernel/power/qos.o
  CC      mm/sparse-vmemmap.o
  CC      fs/buffer.o
  CC      fs/block_dev.o
  CC      mm/slub.o
  CC      mm/migrate.o
  CC      kernel/power/main.o
  CC      kernel/irq/dummychip.o
  CC      mm/cleancache.o
  CC      kernel/power/console.o
  CC      kernel/irq/devres.o
  CC      kernel/power/process.o
  CC      fs/direct-io.o
  CC      mm/page_isolation.o
  CC      mm/zbud.o
  CC      kernel/power/suspend.o
  CC      kernel/irq/autoprobe.o
  CC      kernel/power/autosleep.o
  CC      mm/zsmalloc.o
  CC      mm/early_ioremap.o
  CC      fs/mpage.o
  CC      kernel/power/wakelock.o
  CC      kernel/irq/irqdomain.o
  CC      mm/cma.o
  CC      kernel/power/poweroff.o
  CC      kernel/power/wakeup_reason.o
  CC      mm/process_reclaim.o
  CC      kernel/irq/proc.o
  CC      kernel/irq/pm.o
/home/aashil/ub/kernel/asus/msm8937/kernel/power/wakeup_reason.c:53:21: warning: unused variable 'time_in_suspend_bins' [-Wunused-variable]
static unsigned int time_in_suspend_bins[32];
                    ^
  CC      mm/usercopy.o
  CC      fs/proc_namespace.o
1 warning generated.
  LD      kernel/power/built-in.o
  CC      kernel/printk/printk.o
  CC      fs/autofs4/init.o
  CC      fs/configfs/inode.o
  CC      kernel/irq/msi.o
  CC      fs/autofs4/inode.o
  LD      mm/built-in.o
  CC      fs/autofs4/root.o
  CC      fs/autofs4/symlink.o
  CC      fs/debugfs/inode.o
  CC      fs/devpts/inode.o
  CC      fs/configfs/file.o
  CC      fs/autofs4/waitq.o
  CC      fs/autofs4/expire.o
  LD      kernel/irq/built-in.o
  CC      kernel/rcu/update.o
  CC      fs/configfs/dir.o
  LD      fs/devpts/devpts.o
  LD      fs/devpts/built-in.o
  CC      fs/autofs4/dev-ioctl.o
  CC      fs/ecryptfs/dentry.o
  CC      fs/ecryptfs/file.o
  CC      fs/debugfs/file.o
  CC      fs/ecryptfs/inode.o
  CC      fs/ecryptfs/main.o
  LD      kernel/printk/built-in.o
  CC      kernel/sched/qhmp_core.o
  CC      kernel/rcu/srcu.o
  LD      fs/autofs4/autofs4.o
  LD      fs/autofs4/built-in.o
  CC      kernel/sched/qhmp_fair.o
  CC      fs/ecryptfs/super.o
  CC      fs/configfs/symlink.o
  CC      fs/ecryptfs/mmap.o
  CC      kernel/rcu/tree.o
  LD      fs/debugfs/debugfs.o
  LD      fs/debugfs/built-in.o
  CC      fs/ecryptfs/read_write.o
  CC      fs/exportfs/expfs.o
  CC      fs/ext2/balloc.o
  CC      fs/configfs/mount.o
  CC      fs/ecryptfs/events.o
  CC      fs/ecryptfs/crypto.o
  CC      fs/configfs/item.o
  LD      fs/exportfs/exportfs.o
  LD      fs/exportfs/built-in.o
  CC      fs/ext2/dir.o
  CC      fs/ext3/balloc.o
  CC      fs/ecryptfs/keystore.o
  LD      fs/configfs/configfs.o
  LD      fs/configfs/built-in.o
  CC      fs/ext4/balloc.o
  CC      fs/ext3/bitmap.o
  CC      fs/ext2/file.o
  CC      fs/ext4/bitmap.o
  CC      fs/ecryptfs/kthread.o
  CC      fs/ext3/dir.o
  CC      fs/ext2/ialloc.o
  LD      kernel/rcu/built-in.o
  CC      fs/ext4/dir.o
  CC      fs/ecryptfs/debug.o
  CC      kernel/time/time.o
  CC      fs/ext4/file.o
  CC      fs/ext3/file.o
  CC      fs/ext2/inode.o
  CC      fs/ecryptfs/messaging.o
  CC      kernel/sched/qhmp_rt.o
  CC      fs/ext3/fsync.o
  CC      fs/ext4/fsync.o
  CC      fs/ext4/ialloc.o
  CC      kernel/sched/proc.o
  CC      kernel/time/timer.o
  CC      fs/ecryptfs/miscdev.o
  CC      fs/ext2/ioctl.o
  CC      fs/ext3/ialloc.o
/home/aashil/ub/kernel/asus/msm8937/kernel/sched/proc.c:532:31: warning: duplicate 'volatile' declaration specifier [-Wduplicate-decl-specifier]
        unsigned long curr_jiffies = ACCESS_ONCE(jiffies);
                                     ^
/home/aashil/ub/kernel/asus/msm8937/include/linux/compiler.h:504:27: note: expanded from macro 'ACCESS_ONCE'
#define ACCESS_ONCE(x) (*(volatile typeof(x) *)&(x))
                          ^
/home/aashil/ub/kernel/asus/msm8937/kernel/sched/proc.c:554:31: warning: duplicate 'volatile' declaration specifier [-Wduplicate-decl-specifier]
        unsigned long curr_jiffies = ACCESS_ONCE(jiffies);
                                     ^
/home/aashil/ub/kernel/asus/msm8937/include/linux/compiler.h:504:27: note: expanded from macro 'ACCESS_ONCE'
#define ACCESS_ONCE(x) (*(volatile typeof(x) *)&(x))
                          ^
  CC      fs/ext4/inode.o
2 warnings generated.
  CC      fs/ext2/namei.o
  LD      fs/ecryptfs/ecryptfs.o
  LD      fs/ecryptfs/built-in.o
  CC      kernel/sched/clock.o
  CC      fs/f2fs/dir.o
  CC      fs/ext2/super.o
  CC      fs/ext3/inode.o
  CC      fs/f2fs/file.o
  CC      fs/ext2/symlink.o
  CC      kernel/sched/cputime.o
  CC      kernel/time/hrtimer.o
  CC      fs/ext2/xattr.o
  CC      fs/ext2/xattr_user.o
  CC      kernel/sched/idle_task.o
  CC      fs/f2fs/inode.o
  CC      fs/ext2/xattr_trusted.o
  CC      fs/f2fs/namei.o
  CC      fs/ext3/ioctl.o
  CC      kernel/sched/deadline.o
  CC      kernel/time/itimer.o
  LD      fs/ext2/ext2.o
  LD      fs/ext2/built-in.o
  CC      fs/ext4/page-io.o
  CC      fs/fat/cache.o
  CC      fs/f2fs/hash.o
  CC      fs/ext3/namei.o
  CC      fs/f2fs/super.o
  CC      kernel/time/posix-timers.o
  CC      fs/fat/dir.o
  CC      kernel/sched/stop_task.o
  CC      fs/f2fs/inline.o
  CC      fs/ext4/ioctl.o
  CC      fs/f2fs/checkpoint.o
  CC      kernel/sched/wait.o
  CC      fs/ext3/super.o
/home/aashil/ub/kernel/asus/msm8937/kernel/sched/wait.c:599:22: warning: duplicate 'volatile' declaration specifier [-Wduplicate-decl-specifier]
        unsigned long now = ACCESS_ONCE(jiffies);
                            ^
/home/aashil/ub/kernel/asus/msm8937/include/linux/compiler.h:504:27: note: expanded from macro 'ACCESS_ONCE'
#define ACCESS_ONCE(x) (*(volatile typeof(x) *)&(x))
                          ^
/home/aashil/ub/kernel/asus/msm8937/kernel/sched/wait.c:611:22: warning: duplicate 'volatile' declaration specifier [-Wduplicate-decl-specifier]
        unsigned long now = ACCESS_ONCE(jiffies);
                            ^
/home/aashil/ub/kernel/asus/msm8937/include/linux/compiler.h:504:27: note: expanded from macro 'ACCESS_ONCE'
#define ACCESS_ONCE(x) (*(volatile typeof(x) *)&(x))
                          ^
  CC      kernel/time/posix-cpu-timers.o
2 warnings generated.
  CC      fs/ext4/namei.o
  CC      fs/f2fs/gc.o
  CC      kernel/sched/completion.o
  CC      fs/f2fs/data.o
  CC      fs/fat/fatent.o
  CC      fs/f2fs/node.o
  CC      kernel/time/timekeeping.o
  CC      kernel/sched/idle.o
  CC      fs/ext3/symlink.o
  CC      kernel/sched/sched_avg.o
  CC      fs/ext3/hash.o
  CC      fs/f2fs/segment.o
  CC      fs/fat/file.o
  CC      fs/ext4/super.o
  CC      kernel/time/ntp.o
  CC      fs/ext3/resize.o
  CC      kernel/sched/cpupri.o
  CC      fs/f2fs/recovery.o
  CC      kernel/time/clocksource.o
  CC      fs/f2fs/shrinker.o
  CC      fs/fat/inode.o
  CC      kernel/sched/cpudeadline.o
  CC      fs/ext3/ext3_jbd.o
  CC      kernel/sched/cpuacct.o
  CC      fs/ext3/xattr.o
  CC      fs/f2fs/extent_cache.o
  CC      kernel/time/jiffies.o
  CC      fs/f2fs/sysfs.o
  LD      kernel/sched/built-in.o
  CC      kernel/freezer.o
  CC      kernel/time/timer_list.o
  CC      fs/fat/misc.o
  CC      fs/ext3/xattr_user.o
  CC      fs/f2fs/xattr.o
  CC      fs/f2fs/acl.o
  CC      fs/ext3/xattr_trusted.o
  CC      fs/ext4/symlink.o
  CC      kernel/profile.o
  CC      kernel/time/timeconv.o
  CC      kernel/time/timecounter.o
  CC      kernel/time/posix-clock.o
  LD      fs/ext3/ext3.o
  CC      fs/fat/nfs.o
  LD      fs/ext3/built-in.o
  CC      fs/fuse/dev.o
  CC      fs/ext4/hash.o
  CC      fs/fuse/dir.o
  LD      fs/f2fs/f2fs.o
  LD      fs/f2fs/built-in.o
  CC      kernel/time/alarmtimer.o
  CC      fs/jbd/transaction.o
  CC      fs/fat/namei_vfat.o
  CC      fs/jbd/commit.o
  CC      fs/ext4/resize.o
  CC      kernel/time/clockevents.o
  CC      fs/fuse/file.o
  CC      kernel/time/tick-common.o
  CC      fs/jbd/recovery.o
  CC      fs/fat/namei_msdos.o
  CC      fs/fuse/inode.o
  CC      kernel/time/tick-broadcast.o
  CC      kernel/time/tick-broadcast-hrtimer.o
  CC      fs/jbd/checkpoint.o
  LD      fs/fat/fat.o
  LD      fs/fat/vfat.o
  LD      fs/fat/msdos.o
  LD      fs/fat/built-in.o
  CC      fs/fuse/control.o
  CC      fs/jbd2/transaction.o
  CC      fs/ext4/extents.o
  CC      fs/jbd2/commit.o
  CC      kernel/time/sched_clock.o
  CC      fs/fuse/shortcircuit.o
  CC      kernel/time/tick-oneshot.o
  CC      fs/jbd/revoke.o
  CC      kernel/time/tick-sched.o
  CC      fs/jbd/journal.o
  CC      fs/jbd2/recovery.o
  LD      fs/fuse/fuse.o
  LD      fs/fuse/built-in.o
  CC      fs/kernfs/mount.o
  CC      fs/nls/nls_base.o
  CC      fs/kernfs/inode.o
  CC      fs/jbd2/checkpoint.o
  CC      fs/kernfs/dir.o
  LD      kernel/time/built-in.o
  CC      kernel/stacktrace.o
  CC      fs/jbd2/revoke.o
  CC      fs/kernfs/file.o
  CC      fs/nls/nls_cp437.o
  CC      fs/jbd2/journal.o
  LD      fs/jbd/jbd.o
  CC      kernel/futex.o
  LD      fs/jbd/built-in.o
  CC      fs/nls/nls_ascii.o
  CC      fs/notify/fsnotify.o
  CC      fs/notify/notification.o
  CC      fs/ext4/ext4_jbd2.o
  CC      fs/nls/nls_iso8859-1.o
  CC      fs/kernfs/symlink.o
  CC      fs/ext4/migrate.o
  LD      fs/nls/built-in.o
  CC      fs/notify/group.o
  CC      fs/proc/task_mmu.o
  LD      fs/kernfs/built-in.o
  CC      fs/quota/dquot.o
  CC      fs/notify/inode_mark.o
  CC      fs/ext4/mballoc.o
  LD      fs/jbd2/jbd2.o
  CC      fs/notify/mark.o
  LD      fs/jbd2/built-in.o
  CC      fs/ext4/block_validity.o
  CC      fs/ramfs/inode.o
  CC      kernel/futex_compat.o
  CC      fs/notify/vfsmount_mark.o
  CC      fs/proc/inode.o
  CC      fs/ramfs/file-mmu.o
  CC      fs/notify/fdinfo.o
  CC      kernel/smp.o
  CC      fs/ext4/move_extent.o
  CC      fs/notify/dnotify/dnotify.o
  LD      fs/ramfs/ramfs.o
  LD      fs/ramfs/built-in.o
  CC      fs/proc/root.o
  CC      fs/sdcardfs/dentry.o
  CC      fs/notify/fanotify/fanotify.o
  CC      fs/quota/quota_v2.o
  LD      fs/notify/dnotify/built-in.o
  CC      fs/notify/fanotify/fanotify_user.o
  CC      fs/proc/base.o
  CC      kernel/uid16.o
  CC      kernel/system_keyring.o
  CC      fs/sdcardfs/file.o
  CC      fs/ext4/mmp.o
  CC      fs/quota/quota_tree.o
  CC      fs/ext4/indirect.o
  CC      fs/sysfs/file.o
  LD      fs/notify/fanotify/built-in.o
  CC      fs/sdcardfs/inode.o
  CC      fs/notify/inotify/inotify_fsnotify.o
  CC      kernel/module.o
  CC      fs/notify/inotify/inotify_user.o
  CC      fs/ext4/extents_status.o
  CC      fs/proc/generic.o
  CC      fs/quota/quota.o
  CC      fs/sysfs/dir.o
  CC      fs/sdcardfs/main.o
  LD      fs/notify/inotify/built-in.o
  LD      fs/notify/built-in.o
  CC      fs/eventpoll.o
  CC      fs/ext4/xattr.o
  CC      fs/sysfs/symlink.o
  CC      fs/quota/kqid.o
  CC      fs/sysfs/mount.o
  CC      fs/proc/array.o
  CC      fs/sdcardfs/super.o
  CC      fs/sysfs/group.o
  CC      fs/anon_inodes.o
  CC      fs/signalfd.o
  CC      fs/quota/netlink.o
  CC      fs/sdcardfs/lookup.o
  CC      fs/proc/fd.o
  CC      fs/ext4/xattr_user.o
  LD      fs/sysfs/built-in.o
  CC      fs/timerfd.o
  CC      fs/eventfd.o
  CC      kernel/module_signing.o
  CC      fs/aio.o
  CC      fs/proc/proc_tty.o
  CC      fs/sdcardfs/mmap.o
  CC      fs/ext4/xattr_trusted.o
  LD      fs/quota/built-in.o
  CC      fs/locks.o
  CC      kernel/kallsyms.o
  CC      fs/compat.o
  CC      fs/sdcardfs/packagelist.o
  CC      fs/proc/cmdline.o
  CC      fs/ext4/inline.o
  CC      fs/compat_ioctl.o
  CC      fs/proc/consoles.o
  CC      kernel/compat.o
  CC      fs/proc/cpuinfo.o
  CC      fs/binfmt_script.o
  CC      fs/proc/devices.o
  CC      fs/binfmt_elf.o
  CC      fs/ext4/readpage.o
  CC      fs/compat_binfmt_elf.o
  CC      fs/mbcache.o
  CC      fs/proc/interrupts.o
  CC      fs/ext4/acl.o
  CC      fs/proc/loadavg.o
  CC      fs/posix_acl.o
  CC      fs/coredump.o
  CC      kernel/cgroup.o
  CC      fs/proc/meminfo.o
  CC      fs/drop_caches.o
  CC      fs/fhandle.o
  CC      fs/ext4/xattr_security.o
  CC      fs/dcookies.o
  CC      fs/proc/stat.o
  CC      fs/proc/uptime.o
  CC      fs/sdcardfs/derived_perm.o
  CC      fs/proc/version.o
  LD      fs/ext4/ext4.o
  LD      fs/ext4/built-in.o
  CC      fs/proc/softirqs.o
  CC      fs/proc/namespaces.o
  CC      fs/proc/self.o
  CC      fs/proc/thread_self.o
  LD      fs/sdcardfs/sdcardfs.o
  LD      fs/sdcardfs/built-in.o
  CC      fs/proc/proc_sysctl.o
  CC      fs/proc/proc_net.o
  CC      fs/proc/kmsg.o
  CC      fs/proc/page.o
  CC      kernel/cgroup_freezer.o
  CC      kernel/cpuset.o
  CC      kernel/utsname.o
  CC      kernel/user_namespace.o
  CC      kernel/pid_namespace.o
  CHK     kernel/config_data.h
  CC      kernel/res_counter.o
  CC      kernel/stop_machine.o
  CC      kernel/audit.o
  CC      kernel/auditfilter.o
  LD      fs/proc/proc.o
  LD      fs/proc/built-in.o
  LD      fs/built-in.o
  CC      kernel/auditsc.o
  CC      kernel/audit_watch.o
  CC      kernel/audit_tree.o
  CC      kernel/seccomp.o
  CC      kernel/utsname_sysctl.o
  CC      kernel/taskstats.o
  CC      kernel/tsacct.o
  CC      kernel/elfcore.o
  CC      kernel/irq_work.o
  CC      kernel/cpu_pm.o
  CC      kernel/jump_label.o
  CC      kernel/configs.o
  LD      kernel/built-in.o
make[1]: Leaving directory '/home/aashil/ub/out/target/product/X00P/obj/KERNEL_OBJ'
make: *** [Makefile:149: sub-make] Error 2
make: Leaving directory '/home/aashil/ub/kernel/asus/msm8937'
ninja: build stopped: subcommand failed.

[0;31m#### failed to build some targets (01:22 (mm:ss)) ####[00m

